<time>  <compile_id>  <level>  <method> (<bytes>) [optional flags]
9     1       3       java.lang.Byte::toUnsignedInt (6 bytes)
9     2       3       java.lang.String::hashCode (60 bytes)
9     3       3       java.lang.Object::<init> (1 bytes)
9     4     n 0       jdk.internal.misc.Unsafe::getReferenceVolatile (native)
9     5     n 0       jdk.internal.vm.Continuation::enterSpecial (native)   (static)
9     6     n 0       jdk.internal.vm.Continuation::doYield (native)   (static)
10    7       3       java.lang.String::coder (15 bytes)
10    8       3       java.lang.String::length (11 bytes)
11    9       3       java.lang.String::isLatin1 (19 bytes)
# [APP] Run ...
11   10       3       jdk.internal.util.Preconditions::checkIndex (18 bytes)
11   11       3       java.lang.String::charAt (25 bytes)
12   12       3       java.lang.StringLatin1::charAt (15 bytes)
12   13       3       java.lang.String::checkIndex (10 bytes)
12   17       3       java.util.HashMap::putVal (300 bytes)
12   14       3       sun.util.locale.LocaleUtils::isUpper (18 bytes)
12   16       3       java.util.HashMap::hash (20 bytes)
13   20     n 0       java.lang.invoke.MethodHandle::linkToSpecial(LL)V (native)   (static)
13   18       3       java.util.HashMap::newNode (13 bytes)
13   19       3       java.util.HashMap$Node::<init> (26 bytes)
13   15       3       java.lang.String::equals (56 bytes)
13   21       1       java.lang.Enum::ordinal (5 bytes)
13   22       4       java.lang.Object::<init> (1 bytes)
13   23     n 0       java.lang.invoke.MethodHandle::invokeBasic()L (native)
13    3       3       java.lang.Object::<init> (1 bytes)   made not entrant
13   24     n 0       java.lang.Object::hashCode (native)
13   25     n 0       java.lang.System::arraycopy (native)   (static)
13   26     n 0       java.lang.invoke.MethodHandle::linkToSpecial(LL)L (native)   (static)
14   27       3       java.util.concurrent.ConcurrentHashMap::tabAt (22 bytes)
14   28       3       jdk.internal.misc.Unsafe::getReferenceAcquire (7 bytes)
14   30     n 0       jdk.internal.misc.Unsafe::compareAndSetLong (native)
14   29       3       java.util.concurrent.ConcurrentHashMap::spread (10 bytes)
14   31       3       java.util.Objects::requireNonNull (14 bytes)
15   32     n 0       java.lang.invoke.MethodHandle::linkToStatic(LLLLLLL)L (native)   (static)
15   33     n 0       java.lang.Class::isPrimitive (native)
16   34     n 0       java.lang.invoke.MethodHandle::linkToStatic(IIL)I (native)   (static)
16   35       1       jdk.internal.util.StrongReferenceKey::get (5 bytes)
16   36     n 0       jdk.internal.misc.Unsafe::compareAndSetReference (native)
16   37     n 0       java.lang.invoke.MethodHandle::invokeBasic(LLLLLL)L (native)
16   38     n 0       java.lang.invoke.MethodHandle::linkToSpecial(LIL)V (native)   (static)
16   39     n 0       java.lang.invoke.MethodHandle::invokeBasic(I)L (native)
16   40     n 0       java.lang.invoke.MethodHandle::linkToSpecial(LIL)L (native)   (static)
16   41       3       java.util.regex.Pattern$$Lambda/0x80000002b::is (9 bytes)
17   43       3       java.util.regex.Pattern$BmpCharPropertyGreedy::match (89 bytes)
17   42       3       java.util.regex.Pattern::lambda$Single$0 (11 bytes)
17   45       3       java.util.regex.Matcher::checkMatch (19 bytes)
17   46       3       java.util.regex.Matcher::hasMatch (13 bytes)
17   54       3       java.util.regex.Pattern$Start::match (90 bytes)
17   61       3       java.util.regex.Matcher::search (154 bytes)
17   63       4       java.lang.String::charAt (25 bytes)
17   44       3       java.lang.Math::min (11 bytes)
17   47       3       java.lang.String::<init> (15 bytes)
17   48       3       java.util.Arrays::copyOfRange (82 bytes)
17   49       3       jdk.internal.util.Preconditions::checkFromToIndex (24 bytes)
17   50       3       java.util.ArrayList::add (25 bytes)
18   51       3       java.lang.String::checkBoundsBeginEnd (11 bytes)
18   52       3       java.lang.String::substring (58 bytes)
18   53       3       java.lang.StringLatin1::newString (24 bytes)
18   55       3       java.util.ArrayList::add (23 bytes)
18   11       3       java.lang.String::charAt (25 bytes)   made not entrant
18   64       4       java.util.regex.Pattern$BmpCharPropertyGreedy::match (89 bytes)
18   56       3       java.lang.String::toString (2 bytes)
18   57       3       java.util.regex.Matcher::start (9 bytes)
18   58       3       java.lang.String::subSequence (7 bytes)
18   59       3       java.util.regex.Matcher::end (9 bytes)
18   66       3       jdk.internal.util.ArraysSupport::unsignedHashCode (36 bytes)
18   68       3       java.util.ImmutableCollections$SetN::probe (56 bytes)
18   60       3       java.util.regex.Matcher::find (69 bytes)
18   71       3       java.lang.StringLatin1::equals (36 bytes)
18   62       3       java.util.regex.Pattern$LastNode::match (45 bytes)
18   70       3       jdk.internal.util.ArraysSupport::hashCodeOfUnsigned (55 bytes)
18   67       3       java.lang.Math::floorMod (20 bytes)
19   69       3       jdk.internal.util.ArraysSupport::vectorizedHashCode (158 bytes)
19   43       3       java.util.regex.Pattern$BmpCharPropertyGreedy::match (89 bytes)   made not entrant
19   73   !   3       java.lang.ref.ReferenceQueue::poll (58 bytes)
19   74       1       java.lang.invoke.MethodType::returnType (5 bytes)
19   75       3       jdk.internal.util.ReferencedKeyMap::removeStaleReferences (30 bytes)
19   76       3       java.util.concurrent.ConcurrentHashMap::get (162 bytes)
19   77     n 0       java.lang.Class::isArray (native)
19   78     n 0       java.lang.invoke.MethodHandle::linkToStatic(LLL)L (native)   (static)
19   79       1       java.lang.Class::getClassLoader (5 bytes)
20   80     n 0       java.lang.Object::clone (native)
20   81     n 0       java.lang.invoke.MethodHandle::linkToStatic(LLLL)L (native)   (static)
20   82       3       jdk.internal.util.ReferencedKeyMap::lookupKey (9 bytes)
20   83       3       jdk.internal.util.StrongReferenceKey::<init> (10 bytes)
20   84       3       jdk.internal.util.StrongReferenceKey::hashCode (8 bytes)
20   72       4       java.lang.String::isLatin1 (19 bytes)
20    9       3       java.lang.String::isLatin1 (19 bytes)   made not entrant
20   65       4       java.lang.Byte::toUnsignedInt (6 bytes)
20    1       3       java.lang.Byte::toUnsignedInt (6 bytes)   made not entrant
21   85       3       java.lang.Enum::<init> (15 bytes)
22   86     n 0       java.lang.invoke.MethodHandle::linkToStatic(LL)L (native)   (static)
22   87       3       java.lang.invoke.MethodType::hashCode (53 bytes)
22   88       1       java.lang.invoke.MemberName::getDeclaringClass (5 bytes)
23   89       3       java.util.HashMap::put (13 bytes)
23   63       4       java.lang.String::charAt (25 bytes)   made not entrant
23   72       4       java.lang.String::isLatin1 (19 bytes)   made not entrant
23   90       3       java.lang.StringUTF16::getChar (60 bytes)
23   91       4       java.lang.StringUTF16::getChar (60 bytes)
24   90       3       java.lang.StringUTF16::getChar (60 bytes)   made not entrant
24   92       3       java.lang.String::isLatin1 (19 bytes)
# ... 001 Time (ns): 023550
# [APP] Run 002 Time (ns): 025100
# [APP] Run 003 Time (ns): 024380
# [APP] Run 004 Time (ns): 020070
24   93       3       java.lang.String::charAt (25 bytes)
# [APP] Run 005 Time (ns): 023840
24   94       1       java.lang.AbstractStringBuilder::length (5 bytes)
# [APP] Run 006 Time (ns): 023470
24   95       1       java.nio.Buffer::position (5 bytes)
# [APP] Run 007 Time (ns): 024410
# [APP] Run 008 Time (ns): 023861
25   96       1       java.nio.Buffer::limit (5 bytes)
# [APP] Run 009 Time (ns): 024120
# [APP] Run 010 Time (ns): 023050
# [APP] Run 011 Time (ns): 028290
25   97       3       Main::computeSomething (26 bytes)
25   98       3       java.lang.StringLatin1::indexOfChar (33 bytes)
# [APP] Run 012 Time (ns): 003040
# [APP] Run 013 Time (ns): 001810
25   99       3       java.nio.ByteBuffer::arrayOffset (35 bytes)
# [APP] Run 014 Time (ns): 001800
# [APP] Run 015 Time (ns): 001800
25  100       3       java.util.Formatter$Flags::contains (13 bytes)
# [APP] Run 016 Time (ns): 001820
25  101        3       java.lang.StringLatin1::canEncode (17 bytes)
25  102        3       java.nio.Buffer::position (52 bytes)
# [APP] Run 017 Time (ns): 001830
# [APP] Run 018  Time (ns): 001780
25  103       3       java.nio.CharBuffer::arrayOffset (35 bytes)
26  104       3       java.lang.StringBuilder::length (5 bytes)
# [APP] Run 019 Time (ns): 001800
26  105       3       java.lang.AbstractStringBuilder::ensureCapacityInternal (39 bytes)
# [APP] Run 020 Time (ns): 002470
# [APP] Run 021 Time (ns): 001830
26  106       3       java.lang.StringLatin1::indexOf (17 bytes)
# [APP] Run 022 Time (ns): 003230
26  107       3       java.lang.StringLatin1::canEncode (13 bytes)
# [APP] Run 023 Time (ns): 001780
# [APP] Run 024 Time (ns): 001760
26  108       3       java.io.PrintStream::ensureOpen (18 bytes)
# [APP] Run 025 Time (ns): 001780
26 109        3       java.lang.AbstractStringBuilder::isLatin1 (19 bytes)
26 110        1       java.nio.Buffer::capacity (5 bytes)
# [APP] Run ...
26  111       3       java.util.Formatter::isDigit (18 bytes)
26  112     n 0       java.lang.Float::floatToRawIntBits (native)   (static)
# ... 026 ...
26  113       3       java.lang.String::valueOf (15 bytes)
26  114       3       java.io.BufferedWriter::ensureOpen (18 bytes)
26  115       3       java.nio.Buffer::remaining (20 bytes)
26  121     n 0       java.io.FileOutputStream::writeBytes (native)
# ... Time (ns): 001780
26  119       3       java.nio.charset.CoderResult::isUnderflow (13 bytes)
26  118       3       java.nio.CharBuffer::position (8 bytes)
# [APP] Run 027 Time (ns): 001820
26  117       3       java.nio.CharBuffer::position (6 bytes)
# [APP] Run 028 Time (ns): 002240
26  120       3       java.nio.ByteBuffer:: Time (ns): array (35 bytes)
26  116       1       java.nio.charset.CharsetEncoder::maxBytesPerChar (5 bytes)
# [APP] Run 029 Time (ns): 001790
# [APP] Run 030 Time (ns): 001790
# [APP] Run 031 Time (ns): 001770
# [APP] Run 032 Time (ns): 003210
# [APP] Run 033 Time (ns): 001910
# [APP] Run 034 Time (ns): 001800
# [APP] Run 035 Time (ns): 001800
27  122       3       java.lang.String::indexOf (41 bytes)
# [APP] Run 036 Time (ns): 002300
# [APP] Run 037 Time (ns): 001810
# [APP] Run 038 Time (ns): 001780
27  123       3       java.lang.StringBuilder::append (8 bytes)
27  124       3       java.lang.AbstractStringBuilder::append (77 bytes)
27 125        3       java.lang.Math::max (11 bytes)
# [APP] Run 039 Time (ns): 002070
# [APP] Run 040 Time (ns): 001840
# [APP] Run 041 Time (ns): 001820
# [APP] Run 042 Time (ns): 001800
# ...
